<?xml version="1.0" encoding="UTF-8"?>
<testng-results ignored="0" total="1" passed="1" failed="0" skipped="0">
  <reporter-output>
  </reporter-output>
  <suite started-at="2023-10-28T11:35:37 IST" name="Default suite" finished-at="2023-10-28T11:35:47 IST" duration-ms="10165">
    <groups>
    </groups>
    <test started-at="2023-10-28T11:35:37 IST" name="Default test" finished-at="2023-10-28T11:35:47 IST" duration-ms="10165">
      <class name="API.BasicAPITesting">
        <test-method signature="GetUsage()[pri:0, instance:API.BasicAPITesting@123ef382]" started-at="2023-10-28T11:35:37 IST" name="GetUsage" finished-at="2023-10-28T11:35:47 IST" duration-ms="10107" status="PASS">
          <reporter-output>
          </reporter-output>
        </test-method> <!-- GetUsage -->
      </class> <!-- API.BasicAPITesting -->
    </test> <!-- Default test -->
  </suite> <!-- Default suite -->
</testng-results>
